<?xml version="1.0" encoding="UTF-8"?>
<testsuite xmlns:xsi="http://www.w3.org/2001/XMLSchema-instance" xsi:noNamespaceSchemaLocation="https://maven.apache.org/surefire/maven-surefire-plugin/xsd/surefire-test-report.xsd" version="3.0.2" name="com.example.SpringBootApp.controllers.ProductControllerTest" time="0.343" tests="7" errors="0" skipped="0" failures="0">
  <properties>
[...]
</properties>
  <testcase name="createProduct_ShouldReturn201_WhenValidInput" classname="com.example.SpringBootApp.controllers.ProductControllerTest" time="0.11">
    <system-out><![CDATA[08:05:41.286 [main] INFO org.springframework.mock.web.MockServletContext -- Initializing Spring TestDispatcherServlet ''
08:05:41.286 [main] INFO org.springframework.test.web.servlet.TestDispatcherServlet -- Initializing Servlet ''
08:05:41.287 [main] INFO org.springframework.test.web.servlet.TestDispatcherServlet -- Completed initialization in 1 ms
]]></system-out>
  </testcase>
  <testcase name="createProduct_ShouldReturn404_WhenBrandNotFound" classname="com.example.SpringBootApp.controllers.ProductControllerTest" time="0.039">
    <system-out><![CDATA[08:05:41.374 [main] INFO org.springframework.mock.web.MockServletContext -- Initializing Spring TestDispatcherServlet ''
08:05:41.374 [main] INFO org.springframework.test.web.servlet.TestDispatcherServlet -- Initializing Servlet ''
08:05:41.375 [main] INFO org.springframework.test.web.servlet.TestDispatcherServlet -- Completed initialization in 0 ms
]]></system-out>
  </testcase>
  <testcase name="createProduct_ShouldReturn422_WhenInvalidUnitMeasurement" classname="com.example.SpringBootApp.controllers.ProductControllerTest" time="0.035">
    <system-out><![CDATA[08:05:41.413 [main] INFO org.springframework.mock.web.MockServletContext -- Initializing Spring TestDispatcherServlet ''
08:05:41.413 [main] INFO org.springframework.test.web.servlet.TestDispatcherServlet -- Initializing Servlet ''
08:05:41.414 [main] INFO org.springframework.test.web.servlet.TestDispatcherServlet -- Completed initialization in 0 ms
]]></system-out>
  </testcase>
  <testcase name="createProduct_ShouldReturn400_WhenMissingRequiredFields" classname="com.example.SpringBootApp.controllers.ProductControllerTest" time="0.036">
    <system-out><![CDATA[08:05:41.455 [main] INFO org.springframework.mock.web.MockServletContext -- Initializing Spring TestDispatcherServlet ''
08:05:41.455 [main] INFO org.springframework.test.web.servlet.TestDispatcherServlet -- Initializing Servlet ''
08:05:41.456 [main] INFO org.springframework.test.web.servlet.TestDispatcherServlet -- Completed initialization in 1 ms
]]></system-out>
  </testcase>
  <testcase name="createProduct_ShouldReturn400_WhenNameIsBlank" classname="com.example.SpringBootApp.controllers.ProductControllerTest" time="0.035">
    <system-out><![CDATA[08:05:41.488 [main] INFO org.springframework.mock.web.MockServletContext -- Initializing Spring TestDispatcherServlet ''
08:05:41.488 [main] INFO org.springframework.test.web.servlet.TestDispatcherServlet -- Initializing Servlet ''
08:05:41.488 [main] INFO org.springframework.test.web.servlet.TestDispatcherServlet -- Completed initialization in 0 ms
]]></system-out>
  </testcase>
  <testcase name="createProduct_ShouldReturn404_WhenCategoryNotFound" classname="com.example.SpringBootApp.controllers.ProductControllerTest" time="0.039">
    <system-out><![CDATA[08:05:41.525 [main] INFO org.springframework.mock.web.MockServletContext -- Initializing Spring TestDispatcherServlet ''
08:05:41.525 [main] INFO org.springframework.test.web.servlet.TestDispatcherServlet -- Initializing Servlet ''
08:05:41.525 [main] INFO org.springframework.test.web.servlet.TestDispatcherServlet -- Completed initialization in 0 ms
]]></system-out>
  </testcase>
  <testcase name="createProduct_ShouldReturn409_WhenCodeAlreadyExists" classname="com.example.SpringBootApp.controllers.ProductControllerTest" time="0.031">
    <system-out><![CDATA[08:05:41.566 [main] INFO org.springframework.mock.web.MockServletContext -- Initializing Spring TestDispatcherServlet ''
08:05:41.567 [main] INFO org.springframework.test.web.servlet.TestDispatcherServlet -- Initializing Servlet ''
08:05:41.567 [main] INFO org.springframework.test.web.servlet.TestDispatcherServlet -- Completed initialization in 0 ms
]]></system-out>
  </testcase>
</testsuite>